<?xml version="1.0" encoding="UTF-8"?>
<!-- Generated by org.testng.reporters.JUnitXMLReporter -->
<testsuite hostname="AishwaryaVivek" name="Default test" tests="4" failures="0" timestamp="30 Dec 2014 11:34:48 GMT" time="0.044" errors="0">
  <testcase name="abc" time="0.019" classname="ProgrammaticallyRunning.MyClass"/>
  <testcase name="testC" time="0.001" classname="SuiteABC.TestC"/>
  <testcase name="testB" time="0.002" classname="SuiteABC.TestB"/>
  <testcase name="testA" time="0.001" classname="SuiteABC.TestA"/>
</testsuite> <!-- Default test -->
